# JRE version: OpenJDK Runtime Environment (8.0_252-b09) (build 1.8.0_252-8u252-b09-1~16.04-b09)
# Java VM: OpenJDK 64-Bit Server VM (25.252-b09 mixed mode linux-amd64 compressed oops)
Heap:
 PSYoungGen      total 544768K, used 32532K [0x00000000d6900000, 0x00000000fb980000, 0x0000000100000000)
  eden space 501248K, 0% used [0x00000000d6900000,0x00000000d6900000,0x00000000f5280000)
  from space 43520K, 74% used [0x00000000f5280000,0x00000000f72451d8,0x00000000f7d00000)
  to   space 43008K, 0% used [0x00000000f7d00000,0x00000000f7d00000,0x00000000fa700000)
 ParOldGen       total 203776K, used 131832K [0x0000000083a00000, 0x0000000090100000, 0x00000000d6900000)
  object space 203776K, 64% used [0x0000000083a00000,0x000000008babe200,0x0000000090100000)
 Metaspace       used 42639K, capacity 45834K, committed 45912K, reserved 1089536K
  class space    used 5008K, capacity 5990K, committed 6016K, reserved 1048576K
GC Heap History (10 events):
Event: 49,609 GC heap after
Heap after GC invocations=17 (full 3):
 PSYoungGen      total 424960K, used 256K [0x00000000d6900000, 0x00000000f4080000, 0x0000000100000000)
  eden space 378368K, 0% used [0x00000000d6900000,0x00000000d6900000,0x00000000eda80000)
  from space 46592K, 0% used [0x00000000f0880000,0x00000000f08c0000,0x00000000f3600000)
  to   space 47104K, 0% used [0x00000000eda80000,0x00000000eda80000,0x00000000f0880000)
 ParOldGen       total 203776K, used 131816K [0x0000000083a00000, 0x0000000090100000, 0x00000000d6900000)
  object space 203776K, 64% used [0x0000000083a00000,0x000000008baba200,0x0000000090100000)
 Metaspace       used 41742K, capacity 44802K, committed 45016K, reserved 1089536K
  class space    used 4893K, capacity 5810K, committed 5888K, reserved 1048576K
}
Event: 53,750 GC heap before
{Heap before GC invocations=18 (full 3):
 PSYoungGen      total 424960K, used 378624K [0x00000000d6900000, 0x00000000f4080000, 0x0000000100000000)
  eden space 378368K, 100% used [0x00000000d6900000,0x00000000eda80000,0x00000000eda80000)
  from space 46592K, 0% used [0x00000000f0880000,0x00000000f08c0000,0x00000000f3600000)
  to   space 47104K, 0% used [0x00000000eda80000,0x00000000eda80000,0x00000000f0880000)
 ParOldGen       total 203776K, used 131816K [0x0000000083a00000, 0x0000000090100000, 0x00000000d6900000)
  object space 203776K, 64% used [0x0000000083a00000,0x000000008baba200,0x0000000090100000)
 Metaspace       used 41743K, capacity 44802K, committed 45016K, reserved 1089536K
  class space    used 4893K, capacity 5810K, committed 5888K, reserved 1048576K
Event: 53,754 GC heap after
Heap after GC invocations=18 (full 3):
 PSYoungGen      total 425472K, used 192K [0x00000000d6900000, 0x00000000f8a80000, 0x0000000100000000)
  eden space 378368K, 0% used [0x00000000d6900000,0x00000000d6900000,0x00000000eda80000)
  from space 47104K, 0% used [0x00000000eda80000,0x00000000edab0000,0x00000000f0880000)
  to   space 47104K, 0% used [0x00000000f5c80000,0x00000000f5c80000,0x00000000f8a80000)
 ParOldGen       total 203776K, used 131816K [0x0000000083a00000, 0x0000000090100000, 0x00000000d6900000)
  object space 203776K, 64% used [0x0000000083a00000,0x000000008baba200,0x0000000090100000)
 Metaspace       used 41743K, capacity 44802K, committed 45016K, reserved 1089536K
  class space    used 4893K, capacity 5810K, committed 5888K, reserved 1048576K
}
Event: 58,090 GC heap before
{Heap before GC invocations=19 (full 3):
 PSYoungGen      total 425472K, used 378560K [0x00000000d6900000, 0x00000000f8a80000, 0x0000000100000000)
  eden space 378368K, 100% used [0x00000000d6900000,0x00000000eda80000,0x00000000eda80000)
  from space 47104K, 0% used [0x00000000eda80000,0x00000000edab0000,0x00000000f0880000)
  to   space 47104K, 0% used [0x00000000f5c80000,0x00000000f5c80000,0x00000000f8a80000)
 ParOldGen       total 203776K, used 131816K [0x0000000083a00000, 0x0000000090100000, 0x00000000d6900000)
  object space 203776K, 64% used [0x0000000083a00000,0x000000008baba200,0x0000000090100000)
 Metaspace       used 42426K, capacity 45610K, committed 45912K, reserved 1089536K
  class space    used 4994K, capacity 5958K, committed 6016K, reserved 1048576K
Event: 58,095 GC heap after
Heap after GC invocations=19 (full 3):
 PSYoungGen      total 482816K, used 2617K [0x00000000d6900000, 0x00000000f7b80000, 0x0000000100000000)
  eden space 451072K, 0% used [0x00000000d6900000,0x00000000d6900000,0x00000000f2180000)
  from space 31744K, 8% used [0x00000000f5c80000,0x00000000f5f0e7d8,0x00000000f7b80000)
  to   space 46080K, 0% used [0x00000000f2180000,0x00000000f2180000,0x00000000f4e80000)
 ParOldGen       total 203776K, used 131824K [0x0000000083a00000, 0x0000000090100000, 0x00000000d6900000)
  object space 203776K, 64% used [0x0000000083a00000,0x000000008babc200,0x0000000090100000)
 Metaspace       used 42426K, capacity 45610K, committed 45912K, reserved 1089536K
  class space    used 4994K, capacity 5958K, committed 6016K, reserved 1048576K
}
Event: 60,811 GC heap before
{Heap before GC invocations=20 (full 3):
 PSYoungGen      total 482816K, used 453689K [0x00000000d6900000, 0x00000000f7b80000, 0x0000000100000000)
  eden space 451072K, 100% used [0x00000000d6900000,0x00000000f2180000,0x00000000f2180000)
  from space 31744K, 8% used [0x00000000f5c80000,0x00000000f5f0e7d8,0x00000000f7b80000)
  to   space 46080K, 0% used [0x00000000f2180000,0x00000000f2180000,0x00000000f4e80000)
 ParOldGen       total 203776K, used 131824K [0x0000000083a00000, 0x0000000090100000, 0x00000000d6900000)
  object space 203776K, 64% used [0x0000000083a00000,0x000000008babc200,0x0000000090100000)
 Metaspace       used 42639K, capacity 45834K, committed 45912K, reserved 1089536K
  class space    used 5008K, capacity 5990K, committed 6016K, reserved 1048576K
Event: 60,818 GC heap after
Heap after GC invocations=20 (full 3):
 PSYoungGen      total 497152K, used 13660K [0x00000000d6900000, 0x00000000fa700000, 0x0000000100000000)
  eden space 451072K, 0% used [0x00000000d6900000,0x00000000d6900000,0x00000000f2180000)
  from space 46080K, 29% used [0x00000000f2180000,0x00000000f2ed72b8,0x00000000f4e80000)
  to   space 43008K, 0% used [0x00000000f7d00000,0x00000000f7d00000,0x00000000fa700000)
 ParOldGen       total 203776K, used 131832K [0x0000000083a00000, 0x0000000090100000, 0x00000000d6900000)
  object space 203776K, 64% used [0x0000000083a00000,0x000000008babe200,0x0000000090100000)
 Metaspace       used 42639K, capacity 45834K, committed 45912K, reserved 1089536K
  class space    used 5008K, capacity 5990K, committed 6016K, reserved 1048576K
}
Event: 61,264 GC heap before
{Heap before GC invocations=21 (full 3):
 PSYoungGen      total 497152K, used 464732K [0x00000000d6900000, 0x00000000fa700000, 0x0000000100000000)
  eden space 451072K, 100% used [0x00000000d6900000,0x00000000f2180000,0x00000000f2180000)
  from space 46080K, 29% used [0x00000000f2180000,0x00000000f2ed72b8,0x00000000f4e80000)
  to   space 43008K, 0% used [0x00000000f7d00000,0x00000000f7d00000,0x00000000fa700000)
 ParOldGen       total 203776K, used 131832K [0x0000000083a00000, 0x0000000090100000, 0x00000000d6900000)
  object space 203776K, 64% used [0x0000000083a00000,0x000000008babe200,0x0000000090100000)
 Metaspace       used 42639K, capacity 45834K, committed 45912K, reserved 1089536K
  class space    used 5008K, capacity 5990K, committed 6016K, reserved 1048576K
Event: 61,275 GC heap after
Heap after GC invocations=21 (full 3):
 PSYoungGen      total 544256K, used 22564K [0x00000000d6900000, 0x00000000fb980000, 0x0000000100000000)
  eden space 501248K, 0% used [0x00000000d6900000,0x00000000d6900000,0x00000000f5280000)
  from space 43008K, 52% used [0x00000000f7d00000,0x00000000f93091c0,0x00000000fa700000)
  to   space 43520K, 0% used [0x00000000f5280000,0x00000000f5280000,0x00000000f7d00000)
 ParOldGen       total 203776K, used 131832K [0x0000000083a00000, 0x0000000090100000, 0x00000000d6900000)
  object space 203776K, 64% used [0x0000000083a00000,0x000000008babe200,0x0000000090100000)
 Metaspace       used 42639K, capacity 45834K, committed 45912K, reserved 1089536K
  class space    used 5008K, capacity 5990K, committed 6016K, reserved 1048576K
}
Event: 61,793 GC heap before
{Heap before GC invocations=22 (full 3):
 PSYoungGen      total 544256K, used 523812K [0x00000000d6900000, 0x00000000fb980000, 0x0000000100000000)
  eden space 501248K, 100% used [0x00000000d6900000,0x00000000f5280000,0x00000000f5280000)
  from space 43008K, 52% used [0x00000000f7d00000,0x00000000f93091c0,0x00000000fa700000)
  to   space 43520K, 0% used [0x00000000f5280000,0x00000000f5280000,0x00000000f7d00000)
 ParOldGen       total 203776K, used 131832K [0x0000000083a00000, 0x0000000090100000, 0x00000000d6900000)
  object space 203776K, 64% used [0x0000000083a00000,0x000000008babe200,0x0000000090100000)
 Metaspace       used 42639K, capacity 45834K, committed 45912K, reserved 1089536K
  class space    used 5008K, capacity 5990K, committed 6016K, reserved 1048576K

