# JRE version: OpenJDK Runtime Environment (8.0_252-b09) (build 1.8.0_252-8u252-b09-1~16.04-b09)
# Java VM: OpenJDK 64-Bit Server VM (25.252-b09 mixed mode linux-amd64 compressed oops)
Heap:
 PSYoungGen      total 627200K, used 6733K [0x00000000d6900000, 0x0000000100000000, 0x0000000100000000)
  eden space 580608K, 0% used [0x00000000d6900000,0x00000000d6900000,0x00000000fa000000)
  from space 46592K, 14% used [0x00000000fa000000,0x00000000fa693758,0x00000000fcd80000)
  to   space 51712K, 0% used [0x00000000fcd80000,0x00000000fcd80000,0x0000000100000000)
 ParOldGen       total 366080K, used 365993K [0x0000000083a00000, 0x0000000099f80000, 0x00000000d6900000)
  object space 366080K, 99% used [0x0000000083a00000,0x0000000099f6a4b8,0x0000000099f80000)
 Metaspace       used 73543K, capacity 77798K, committed 78080K, reserved 1118208K
  class space    used 8051K, capacity 9452K, committed 9472K, reserved 1048576K
GC Heap History (10 events):
Event: 273,385 GC heap after
Heap after GC invocations=142 (full 5):
 PSYoungGen      total 620544K, used 31708K [0x00000000d6900000, 0x00000000ffe00000, 0x0000000100000000)
  eden space 568832K, 0% used [0x00000000d6900000,0x00000000d6900000,0x00000000f9480000)
  from space 51712K, 61% used [0x00000000f9480000,0x00000000fb3773a8,0x00000000fc700000)
  to   space 51200K, 0% used [0x00000000fcc00000,0x00000000fcc00000,0x00000000ffe00000)
 ParOldGen       total 366080K, used 211639K [0x0000000083a00000, 0x0000000099f80000, 0x00000000d6900000)
  object space 366080K, 57% used [0x0000000083a00000,0x00000000908adda0,0x0000000099f80000)
 Metaspace       used 70181K, capacity 74090K, committed 74240K, reserved 1114112K
  class space    used 7679K, capacity 9098K, committed 9216K, reserved 1048576K
}
Event: 276,825 GC heap before
{Heap before GC invocations=143 (full 5):
 PSYoungGen      total 620544K, used 600540K [0x00000000d6900000, 0x00000000ffe00000, 0x0000000100000000)
  eden space 568832K, 100% used [0x00000000d6900000,0x00000000f9480000,0x00000000f9480000)
  from space 51712K, 61% used [0x00000000f9480000,0x00000000fb3773a8,0x00000000fc700000)
  to   space 51200K, 0% used [0x00000000fcc00000,0x00000000fcc00000,0x00000000ffe00000)
 ParOldGen       total 366080K, used 211639K [0x0000000083a00000, 0x0000000099f80000, 0x00000000d6900000)
  object space 366080K, 57% used [0x0000000083a00000,0x00000000908adda0,0x0000000099f80000)
 Metaspace       used 72498K, capacity 76502K, committed 76800K, reserved 1116160K
  class space    used 7955K, capacity 9389K, committed 9472K, reserved 1048576K
Event: 276,845 GC heap after
Heap after GC invocations=143 (full 5):
 PSYoungGen      total 625664K, used 22969K [0x00000000d6900000, 0x00000000ffc80000, 0x0000000100000000)
  eden space 576000K, 0% used [0x00000000d6900000,0x00000000d6900000,0x00000000f9b80000)
  from space 49664K, 46% used [0x00000000fcc00000,0x00000000fe26e460,0x00000000ffc80000)
  to   space 49664K, 0% used [0x00000000f9b80000,0x00000000f9b80000,0x00000000fcc00000)
 ParOldGen       total 366080K, used 211647K [0x0000000083a00000, 0x0000000099f80000, 0x00000000d6900000)
  object space 366080K, 57% used [0x0000000083a00000,0x00000000908afda0,0x0000000099f80000)
 Metaspace       used 72498K, capacity 76502K, committed 76800K, reserved 1116160K
  class space    used 7955K, capacity 9389K, committed 9472K, reserved 1048576K
}
Event: 292,800 GC heap before
{Heap before GC invocations=144 (full 5):
 PSYoungGen      total 625664K, used 598969K [0x00000000d6900000, 0x00000000ffc80000, 0x0000000100000000)
  eden space 576000K, 100% used [0x00000000d6900000,0x00000000f9b80000,0x00000000f9b80000)
  from space 49664K, 46% used [0x00000000fcc00000,0x00000000fe26e460,0x00000000ffc80000)
  to   space 49664K, 0% used [0x00000000f9b80000,0x00000000f9b80000,0x00000000fcc00000)
 ParOldGen       total 366080K, used 211647K [0x0000000083a00000, 0x0000000099f80000, 0x00000000d6900000)
  object space 366080K, 57% used [0x0000000083a00000,0x00000000908afda0,0x0000000099f80000)
 Metaspace       used 72570K, capacity 76570K, committed 76800K, reserved 1116160K
  class space    used 7955K, capacity 9389K, committed 9472K, reserved 1048576K
Event: 292,816 GC heap after
Heap after GC invocations=144 (full 5):
 PSYoungGen      total 625664K, used 24147K [0x00000000d6900000, 0x00000000ffc00000, 0x0000000100000000)
  eden space 576000K, 0% used [0x00000000d6900000,0x00000000d6900000,0x00000000f9b80000)
  from space 49664K, 48% used [0x00000000f9b80000,0x00000000fb314d00,0x00000000fcc00000)
  to   space 47616K, 0% used [0x00000000fcd80000,0x00000000fcd80000,0x00000000ffc00000)
 ParOldGen       total 366080K, used 211655K [0x0000000083a00000, 0x0000000099f80000, 0x00000000d6900000)
  object space 366080K, 57% used [0x0000000083a00000,0x00000000908b1da0,0x0000000099f80000)
 Metaspace       used 72570K, capacity 76570K, committed 76800K, reserved 1116160K
  class space    used 7955K, capacity 9389K, committed 9472K, reserved 1048576K
}
Event: 301,773 GC heap before
{Heap before GC invocations=145 (full 5):
 PSYoungGen      total 625664K, used 600147K [0x00000000d6900000, 0x00000000ffc00000, 0x0000000100000000)
  eden space 576000K, 100% used [0x00000000d6900000,0x00000000f9b80000,0x00000000f9b80000)
  from space 49664K, 48% used [0x00000000f9b80000,0x00000000fb314d00,0x00000000fcc00000)
  to   space 47616K, 0% used [0x00000000fcd80000,0x00000000fcd80000,0x00000000ffc00000)
 ParOldGen       total 366080K, used 211655K [0x0000000083a00000, 0x0000000099f80000, 0x00000000d6900000)
  object space 366080K, 57% used [0x0000000083a00000,0x00000000908b1da0,0x0000000099f80000)
 Metaspace       used 73406K, capacity 77722K, committed 77824K, reserved 1118208K
  class space    used 8049K, capacity 9450K, committed 9472K, reserved 1048576K
Event: 301,790 GC heap after
Heap after GC invocations=145 (full 5):
 PSYoungGen      total 628224K, used 21248K [0x00000000d6900000, 0x00000000ffc00000, 0x0000000100000000)
  eden space 580608K, 0% used [0x00000000d6900000,0x00000000d6900000,0x00000000fa000000)
  from space 47616K, 44% used [0x00000000fcd80000,0x00000000fe240170,0x00000000ffc00000)
  to   space 46592K, 0% used [0x00000000fa000000,0x00000000fa000000,0x00000000fcd80000)
 ParOldGen       total 366080K, used 211663K [0x0000000083a00000, 0x0000000099f80000, 0x00000000d6900000)
  object space 366080K, 57% used [0x0000000083a00000,0x00000000908b3da0,0x0000000099f80000)
 Metaspace       used 73406K, capacity 77722K, committed 77824K, reserved 1118208K
  class space    used 8049K, capacity 9450K, committed 9472K, reserved 1048576K
}
Event: 307,456 GC heap before
{Heap before GC invocations=146 (full 5):
 PSYoungGen      total 628224K, used 601856K [0x00000000d6900000, 0x00000000ffc00000, 0x0000000100000000)
  eden space 580608K, 100% used [0x00000000d6900000,0x00000000fa000000,0x00000000fa000000)
  from space 47616K, 44% used [0x00000000fcd80000,0x00000000fe240170,0x00000000ffc00000)
  to   space 46592K, 0% used [0x00000000fa000000,0x00000000fa000000,0x00000000fcd80000)
 ParOldGen       total 366080K, used 211663K [0x0000000083a00000, 0x0000000099f80000, 0x00000000d6900000)
  object space 366080K, 57% used [0x0000000083a00000,0x00000000908b3da0,0x0000000099f80000)
 Metaspace       used 73543K, capacity 77798K, committed 78080K, reserved 1118208K
  class space    used 8051K, capacity 9452K, committed 9472K, reserved 1048576K
Event: 307,565 GC heap after
Heap after GC invocations=146 (full 5):
 PSYoungGen      total 627200K, used 46566K [0x00000000d6900000, 0x0000000100000000, 0x0000000100000000)
  eden space 580608K, 0% used [0x00000000d6900000,0x00000000d6900000,0x00000000fa000000)
  from space 46592K, 99% used [0x00000000fa000000,0x00000000fcd79970,0x00000000fcd80000)
  to   space 51712K, 0% used [0x00000000fcd80000,0x00000000fcd80000,0x0000000100000000)
 ParOldGen       total 366080K, used 344539K [0x0000000083a00000, 0x0000000099f80000, 0x00000000d6900000)
  object space 366080K, 94% used [0x0000000083a00000,0x0000000098a76dc0,0x0000000099f80000)
 Metaspace       used 73543K, capacity 77798K, committed 78080K, reserved 1118208K
  class space    used 8051K, capacity 9452K, committed 9472K, reserved 1048576K
}
Event: 307,566 GC heap before
{Heap before GC invocations=147 (full 6):
 PSYoungGen      total 627200K, used 46566K [0x00000000d6900000, 0x0000000100000000, 0x0000000100000000)
  eden space 580608K, 0% used [0x00000000d6900000,0x00000000d6900000,0x00000000fa000000)
  from space 46592K, 99% used [0x00000000fa000000,0x00000000fcd79970,0x00000000fcd80000)
  to   space 51712K, 0% used [0x00000000fcd80000,0x00000000fcd80000,0x0000000100000000)
 ParOldGen       total 366080K, used 344539K [0x0000000083a00000, 0x0000000099f80000, 0x00000000d6900000)
  object space 366080K, 94% used [0x0000000083a00000,0x0000000098a76dc0,0x0000000099f80000)
 Metaspace       used 73543K, capacity 77798K, committed 78080K, reserved 1118208K
  class space    used 8051K, capacity 9452K, committed 9472K, reserved 1048576K

