# JRE version: OpenJDK Runtime Environment (8.0_252-b09) (build 1.8.0_252-8u252-b09-1~16.04-b09)
# Java VM: OpenJDK 64-Bit Server VM (25.252-b09 mixed mode linux-amd64 compressed oops)
Heap:
 PSYoungGen      total 482816K, used 0K [0x00000000d6900000, 0x0000000100000000, 0x0000000100000000)
  eden space 431104K, 0% used [0x00000000d6900000,0x00000000d6900000,0x00000000f0e00000)
  from space 51712K, 0% used [0x00000000fcd80000,0x00000000fcd80000,0x0000000100000000)
  to   space 123904K, 0% used [0x00000000f0e00000,0x00000000f0e00000,0x00000000f8700000)
 ParOldGen       total 433664K, used 358653K [0x0000000083a00000, 0x000000009e180000, 0x00000000d6900000)
  object space 433664K, 82% used [0x0000000083a00000,0x000000009983f620,0x000000009e180000)
 Metaspace       used 73649K, capacity 77942K, committed 78168K, reserved 1118208K
  class space    used 8048K, capacity 9452K, committed 9560K, reserved 1048576K
GC Heap History (10 events):
Event: 271,976 GC heap after
Heap after GC invocations=136 (full 4):
 PSYoungGen      total 632320K, used 22296K [0x00000000d6900000, 0x0000000100000000, 0x0000000100000000)
  eden space 588800K, 0% used [0x00000000d6900000,0x00000000d6900000,0x00000000fa800000)
  from space 43520K, 51% used [0x00000000fd580000,0x00000000feb460c8,0x0000000100000000)
  to   space 45056K, 0% used [0x00000000fa800000,0x00000000fa800000,0x00000000fd400000)
 ParOldGen       total 371712K, used 247365K [0x0000000083a00000, 0x000000009a500000, 0x00000000d6900000)
  object space 371712K, 66% used [0x0000000083a00000,0x0000000092b91680,0x000000009a500000)
 Metaspace       used 72530K, capacity 76454K, committed 76760K, reserved 1116160K
  class space    used 7951K, capacity 9389K, committed 9432K, reserved 1048576K
}
Event: 284,098 GC heap before
{Heap before GC invocations=137 (full 4):
 PSYoungGen      total 632320K, used 611096K [0x00000000d6900000, 0x0000000100000000, 0x0000000100000000)
  eden space 588800K, 100% used [0x00000000d6900000,0x00000000fa800000,0x00000000fa800000)
  from space 43520K, 51% used [0x00000000fd580000,0x00000000feb460c8,0x0000000100000000)
  to   space 45056K, 0% used [0x00000000fa800000,0x00000000fa800000,0x00000000fd400000)
 ParOldGen       total 371712K, used 247365K [0x0000000083a00000, 0x000000009a500000, 0x00000000d6900000)
  object space 371712K, 66% used [0x0000000083a00000,0x0000000092b91680,0x000000009a500000)
 Metaspace       used 72606K, capacity 76458K, committed 76760K, reserved 1116160K
  class space    used 7951K, capacity 9389K, committed 9432K, reserved 1048576K
Event: 284,123 GC heap after
Heap after GC invocations=137 (full 4):
 PSYoungGen      total 633856K, used 22811K [0x00000000d6900000, 0x0000000100000000, 0x0000000100000000)
  eden space 588800K, 0% used [0x00000000d6900000,0x00000000d6900000,0x00000000fa800000)
  from space 45056K, 50% used [0x00000000fa800000,0x00000000fbe46ca0,0x00000000fd400000)
  to   space 44544K, 0% used [0x00000000fd480000,0x00000000fd480000,0x0000000100000000)
 ParOldGen       total 371712K, used 247373K [0x0000000083a00000, 0x000000009a500000, 0x00000000d6900000)
  object space 371712K, 66% used [0x0000000083a00000,0x0000000092b93680,0x000000009a500000)
 Metaspace       used 72606K, capacity 76458K, committed 76760K, reserved 1116160K
  class space    used 7951K, capacity 9389K, committed 9432K, reserved 1048576K
}
Event: 296,781 GC heap before
{Heap before GC invocations=138 (full 4):
 PSYoungGen      total 633856K, used 608892K [0x00000000d6900000, 0x0000000100000000, 0x0000000100000000)
  eden space 588800K, 99% used [0x00000000d6900000,0x00000000fa5584e0,0x00000000fa800000)
  from space 45056K, 50% used [0x00000000fa800000,0x00000000fbe46ca0,0x00000000fd400000)
  to   space 44544K, 0% used [0x00000000fd480000,0x00000000fd480000,0x0000000100000000)
 ParOldGen       total 371712K, used 247373K [0x0000000083a00000, 0x000000009a500000, 0x00000000d6900000)
  object space 371712K, 66% used [0x0000000083a00000,0x0000000092b93680,0x000000009a500000)
 Metaspace       used 72635K, capacity 76650K, committed 76760K, reserved 1116160K
  class space    used 7951K, capacity 9389K, committed 9432K, reserved 1048576K
Event: 296,799 GC heap after
Heap after GC invocations=138 (full 4):
 PSYoungGen      total 620032K, used 44536K [0x00000000d6900000, 0x0000000100000000, 0x0000000100000000)
  eden space 575488K, 0% used [0x00000000d6900000,0x00000000d6900000,0x00000000f9b00000)
  from space 44544K, 99% used [0x00000000fd480000,0x00000000ffffe178,0x0000000100000000)
  to   space 51712K, 0% used [0x00000000f9b00000,0x00000000f9b00000,0x00000000fcd80000)
 ParOldGen       total 371712K, used 254069K [0x0000000083a00000, 0x000000009a500000, 0x00000000d6900000)
  object space 371712K, 68% used [0x0000000083a00000,0x000000009321d420,0x000000009a500000)
 Metaspace       used 72635K, capacity 76650K, committed 76760K, reserved 1116160K
  class space    used 7951K, capacity 9389K, committed 9432K, reserved 1048576K
}
Event: 302,471 GC heap before
{Heap before GC invocations=139 (full 4):
 PSYoungGen      total 620032K, used 620024K [0x00000000d6900000, 0x0000000100000000, 0x0000000100000000)
  eden space 575488K, 100% used [0x00000000d6900000,0x00000000f9b00000,0x00000000f9b00000)
  from space 44544K, 99% used [0x00000000fd480000,0x00000000ffffe178,0x0000000100000000)
  to   space 51712K, 0% used [0x00000000f9b00000,0x00000000f9b00000,0x00000000fcd80000)
 ParOldGen       total 371712K, used 254069K [0x0000000083a00000, 0x000000009a500000, 0x00000000d6900000)
  object space 371712K, 68% used [0x0000000083a00000,0x000000009321d420,0x000000009a500000)
 Metaspace       used 73517K, capacity 77814K, committed 78168K, reserved 1118208K
  class space    used 8048K, capacity 9452K, committed 9560K, reserved 1048576K
Event: 302,546 GC heap after
Heap after GC invocations=139 (full 4):
 PSYoungGen      total 627200K, used 51708K [0x00000000d6900000, 0x0000000100000000, 0x0000000100000000)
  eden space 575488K, 0% used [0x00000000d6900000,0x00000000d6900000,0x00000000f9b00000)
  from space 51712K, 99% used [0x00000000f9b00000,0x00000000fcd7f340,0x00000000fcd80000)
  to   space 51712K, 0% used [0x00000000fcd80000,0x00000000fcd80000,0x0000000100000000)
 ParOldGen       total 371712K, used 328662K [0x0000000083a00000, 0x000000009a500000, 0x00000000d6900000)
  object space 371712K, 88% used [0x0000000083a00000,0x0000000097af5a08,0x000000009a500000)
 Metaspace       used 73517K, capacity 77814K, committed 78168K, reserved 1118208K
  class space    used 8048K, capacity 9452K, committed 9560K, reserved 1048576K
}
Event: 309,933 GC heap before
{Heap before GC invocations=140 (full 4):
 PSYoungGen      total 627200K, used 627196K [0x00000000d6900000, 0x0000000100000000, 0x0000000100000000)
  eden space 575488K, 100% used [0x00000000d6900000,0x00000000f9b00000,0x00000000f9b00000)
  from space 51712K, 99% used [0x00000000f9b00000,0x00000000fcd7f340,0x00000000fcd80000)
  to   space 51712K, 0% used [0x00000000fcd80000,0x00000000fcd80000,0x0000000100000000)
 ParOldGen       total 371712K, used 328662K [0x0000000083a00000, 0x000000009a500000, 0x00000000d6900000)
  object space 371712K, 88% used [0x0000000083a00000,0x0000000097af5a08,0x000000009a500000)
 Metaspace       used 73649K, capacity 77942K, committed 78168K, reserved 1118208K
  class space    used 8048K, capacity 9452K, committed 9560K, reserved 1048576K
Event: 310,038 GC heap after
Heap after GC invocations=140 (full 4):
 PSYoungGen      total 482816K, used 51697K [0x00000000d6900000, 0x0000000100000000, 0x0000000100000000)
  eden space 431104K, 0% used [0x00000000d6900000,0x00000000d6900000,0x00000000f0e00000)
  from space 51712K, 99% used [0x00000000fcd80000,0x00000000ffffc668,0x0000000100000000)
  to   space 123904K, 0% used [0x00000000f0e00000,0x00000000f0e00000,0x00000000f8700000)
 ParOldGen       total 433664K, used 433437K [0x0000000083a00000, 0x000000009e180000, 0x00000000d6900000)
  object space 433664K, 99% used [0x0000000083a00000,0x000000009e147568,0x000000009e180000)
 Metaspace       used 73649K, capacity 77942K, committed 78168K, reserved 1118208K
  class space    used 8048K, capacity 9452K, committed 9560K, reserved 1048576K
}
Event: 310,038 GC heap before
{Heap before GC invocations=141 (full 5):
 PSYoungGen      total 482816K, used 51697K [0x00000000d6900000, 0x0000000100000000, 0x0000000100000000)
  eden space 431104K, 0% used [0x00000000d6900000,0x00000000d6900000,0x00000000f0e00000)
  from space 51712K, 99% used [0x00000000fcd80000,0x00000000ffffc668,0x0000000100000000)
  to   space 123904K, 0% used [0x00000000f0e00000,0x00000000f0e00000,0x00000000f8700000)
 ParOldGen       total 433664K, used 433437K [0x0000000083a00000, 0x000000009e180000, 0x00000000d6900000)
  object space 433664K, 99% used [0x0000000083a00000,0x000000009e147568,0x000000009e180000)
 Metaspace       used 73649K, capacity 77942K, committed 78168K, reserved 1118208K
  class space    used 8048K, capacity 9452K, committed 9560K, reserved 1048576K

